<?xml version="1.0" encoding="UTF-8"?>
<robot generator="Robot 3.0.3rc1 (Python 3.6.5 on win32)" generated="20180418 15:43:29.685">
<suite id="s1" name="Access-Tester-Vacation" source="C:\Python36\Scripts\projects\Ci&amp;T\features\access-tester-vacation.robot">
<test id="s1-t1" name="1 . Scenario: Access Tester vacancy">
<kw name="Access the Ci&amp;T page" library="keyword-access-tester-vacancy" type="setup">
<kw name="po-access-page.Acess" library="po-access-page">
<kw name="Open Browser" library="SeleniumLibrary">
<doc>Opens a new browser instance to the given ``url``.</doc>
<arguments>
<arg>${URL}</arg>
<arg>${BROWSER}</arg>
</arguments>
<msg timestamp="20180418 15:43:30.053" level="INFO">Opening browser 'chrome' to base url 'http://www.ciandt.com'.</msg>
<status status="PASS" starttime="20180418 15:43:30.053" endtime="20180418 15:43:41.814"></status>
</kw>
<kw name="Maximize Browser Window" library="SeleniumLibrary">
<doc>Maximizes current browser window.</doc>
<status status="PASS" starttime="20180418 15:43:41.815" endtime="20180418 15:43:42.959"></status>
</kw>
<kw name="Location Should Be" library="SeleniumLibrary">
<doc>Verifies that current URL is exactly ``url``.</doc>
<arguments>
<arg>${URL}/${HOME-URL}</arg>
</arguments>
<msg timestamp="20180418 15:43:42.965" level="INFO">Current location is 'http://www.ciandt.com/home'.</msg>
<status status="PASS" starttime="20180418 15:43:42.959" endtime="20180418 15:43:42.965"></status>
</kw>
<status status="PASS" starttime="20180418 15:43:30.053" endtime="20180418 15:43:42.966"></status>
</kw>
<status status="PASS" starttime="20180418 15:43:30.052" endtime="20180418 15:43:42.966"></status>
</kw>
<kw name="Click on &quot;Carreiras&quot; link menu" library="keyword-access-tester-vacancy">
<kw name="po-access-page.ClickCarreiras" library="po-access-page">
<kw name="Click Link" library="SeleniumLibrary">
<doc>Clicks a link identified by ``locator``.</doc>
<arguments>
<arg>${LINK-CARREIRAS}</arg>
</arguments>
<msg timestamp="20180418 15:43:42.967" level="INFO">Clicking link 'xpath=(//a[contains(@href,'carreiras')])[1]'.</msg>
<status status="PASS" starttime="20180418 15:43:42.967" endtime="20180418 15:43:43.163"></status>
</kw>
<kw name="Select Window" library="SeleniumLibrary">
<doc>Selects browser window matching ``locator``.</doc>
<arguments>
<arg>${NEW-LOCATOR}</arg>
</arguments>
<status status="PASS" starttime="20180418 15:43:43.163" endtime="20180418 15:43:43.170"></status>
</kw>
<kw name="Location Should Be" library="SeleniumLibrary">
<doc>Verifies that current URL is exactly ``url``.</doc>
<arguments>
<arg>${SITE-CARREIRAS}</arg>
</arguments>
<msg timestamp="20180418 15:43:44.212" level="INFO">Current location is 'https://carreiras.ciandt.com/?language=pt'.</msg>
<status status="PASS" starttime="20180418 15:43:43.170" endtime="20180418 15:43:44.213"></status>
</kw>
<kw name="Page Should Contain" library="SeleniumLibrary">
<doc>Verifies that current page contains ``text``.</doc>
<arguments>
<arg>${INSTITUTIONAL-HEADER}</arg>
</arguments>
<msg timestamp="20180418 15:43:44.238" level="INFO">Current page contains text 'Carreiras'.</msg>
<status status="PASS" starttime="20180418 15:43:44.213" endtime="20180418 15:43:44.238"></status>
</kw>
<status status="PASS" starttime="20180418 15:43:42.967" endtime="20180418 15:43:44.239"></status>
</kw>
<status status="PASS" starttime="20180418 15:43:42.966" endtime="20180418 15:43:44.239"></status>
</kw>
<kw name="Scroll down to &quot;O que você busca em sua carreira&quot; section" library="keyword-access-tester-vacancy">
<kw name="po-access-page.ClickVerOportunidades" library="po-access-page">
<kw name="Click Link" library="SeleniumLibrary">
<doc>Clicks a link identified by ``locator``.</doc>
<arguments>
<arg>${LINK-VER-OPORTUNIDADES}</arg>
</arguments>
<msg timestamp="20180418 15:43:44.240" level="INFO">Clicking link 'xpath=(//a[contains(@href,'opportunity')])[1]'.</msg>
<status status="PASS" starttime="20180418 15:43:44.240" endtime="20180418 15:43:44.493"></status>
</kw>
<kw name="Location Should Be" library="SeleniumLibrary">
<doc>Verifies that current URL is exactly ``url``.</doc>
<arguments>
<arg>${SITE-OPPORTUNITY}</arg>
</arguments>
<msg timestamp="20180418 15:43:44.698" level="INFO">Current location is 'https://carreiras.ciandt.com/opportunity?language=pt'.</msg>
<status status="PASS" starttime="20180418 15:43:44.493" endtime="20180418 15:43:44.698"></status>
</kw>
<status status="PASS" starttime="20180418 15:43:44.240" endtime="20180418 15:43:44.698"></status>
</kw>
<status status="PASS" starttime="20180418 15:43:44.239" endtime="20180418 15:43:44.699"></status>
</kw>
<kw name="And click in &quot;Ver todas as oportunidades&quot;" library="keyword-access-tester-vacancy">
<kw name="po-access-page.CheckOportunidades" library="po-access-page">
<kw name="Location Should Be" library="SeleniumLibrary">
<doc>Verifies that current URL is exactly ``url``.</doc>
<arguments>
<arg>${SITE-OPPORTUNITY}</arg>
</arguments>
<msg timestamp="20180418 15:43:44.763" level="INFO">Current location is 'https://carreiras.ciandt.com/opportunity?language=pt'.</msg>
<status status="PASS" starttime="20180418 15:43:44.700" endtime="20180418 15:43:44.763"></status>
</kw>
<kw name="Checkbox Should Be Selected" library="SeleniumLibrary">
<doc>Verifies checkbox ``locator`` is selected/checked.</doc>
<arguments>
<arg>${CHECKBOX-CAMPINAS}</arg>
</arguments>
<msg timestamp="20180418 15:43:44.764" level="INFO">Verifying checkbox '//*[@id="select-options-76bd897d-a1fd-e73c-43bb-886c27dc3dca"]/li[3]/span' is selected.</msg>
<kw name="Capture Page Screenshot" library="SeleniumLibrary">
<doc>Takes screenshot of the current page and embeds it into log file.</doc>
<msg timestamp="20180418 15:43:45.570" level="INFO" html="yes">&lt;/td&gt;&lt;/tr&gt;&lt;tr&gt;&lt;td colspan="3"&gt;&lt;a href="selenium-screenshot-17.png"&gt;&lt;img src="selenium-screenshot-17.png" width="800px"&gt;&lt;/a&gt;</msg>
<status status="PASS" starttime="20180418 15:43:44.855" endtime="20180418 15:43:45.570"></status>
</kw>
<msg timestamp="20180418 15:43:45.579" level="FAIL">Checkbox with locator '//*[@id="select-options-76bd897d-a1fd-e73c-43bb-886c27dc3dca"]/li[3]/span' not found.</msg>
<status status="FAIL" starttime="20180418 15:43:44.763" endtime="20180418 15:43:45.580"></status>
</kw>
<status status="FAIL" starttime="20180418 15:43:44.699" endtime="20180418 15:43:45.580"></status>
</kw>
<status status="FAIL" starttime="20180418 15:43:44.699" endtime="20180418 15:43:45.580"></status>
</kw>
<kw name="Close Browser" library="SeleniumLibrary" type="teardown">
<doc>Closes the current browser.</doc>
<status status="PASS" starttime="20180418 15:43:45.580" endtime="20180418 15:43:48.636"></status>
</kw>
<tags>
<tag>clickCarreiras</tag>
</tags>
<status status="FAIL" starttime="20180418 15:43:30.051" endtime="20180418 15:43:48.636" critical="yes">Checkbox with locator '//*[@id="select-options-76bd897d-a1fd-e73c-43bb-886c27dc3dca"]/li[3]/span' not found.</status>
</test>
<doc>A simple test to check if we have tester vacancy
on Ci&amp;T company</doc>
<status status="FAIL" starttime="20180418 15:43:29.701" endtime="20180418 15:43:48.640"></status>
</suite>
<statistics>
<total>
<stat pass="0" fail="1">Critical Tests</stat>
<stat pass="0" fail="1">All Tests</stat>
</total>
<tag>
<stat pass="0" fail="1">clickCarreiras</stat>
</tag>
<suite>
<stat pass="0" fail="1" id="s1" name="Access-Tester-Vacation">Access-Tester-Vacation</stat>
</suite>
</statistics>
<errors>
</errors>
</robot>
